mmap(NULL, 78622, PROT_READ, MAP_PRIVATE, 3, 0) = 0x7ff23fc93000
read(3, "\177ELF\2\1\1\3\0\0\0\0\0\0\0\0\3\0>\0\1\0\0\0\260\34\2\0\0\0\0\0"..., 832) = 832
mmap(NULL, 8192, PROT_READ|PROT_WRITE, MAP_PRIVATE|MAP_ANONYMOUS, -1, 0) = 0x7ff23fc91000
mmap(NULL, 4131552, PROT_READ|PROT_EXEC, MAP_PRIVATE|MAP_DENYWRITE, 3, 0) = 0x7ff23f68f000
mmap(0x7ff23fa76000, 24576, PROT_READ|PROT_WRITE, MAP_PRIVATE|MAP_FIXED|MAP_DENYWRITE, 3, 0x1e7000) = 0x7ff23fa76000
mmap(0x7ff23fa7c000, 15072, PROT_READ|PROT_WRITE, MAP_PRIVATE|MAP_FIXED|MAP_ANONYMOUS, -1, 0) = 0x7ff23fa7c000
read(3, "\n", 1)                        = 1
read(3, "C", 1)                         = 1
read(3, "R", 1)                         = 1
read(3, "E", 1)                         = 1
read(3, "A", 1)                         = 1
read(3, "T", 1)                         = 1
read(3, "E", 1)                         = 1
read(3, "_", 1)                         = 1
read(3, "S", 1)                         = 1
read(3, "H", 1)                         = 1
read(3, "M", 1)                         = 1
read(3, "V\277\22\0", 4)                = 4
read(3, "\10", 1)                       = 1
read(3, "M", 1)                         = 1
read(3, "A", 1)                         = 1
read(3, "P", 1)                         = 1
read(3, "_", 1)                         = 1
read(3, "F", 1)                         = 1
read(3, "I", 1)                         = 1
read(3, "L", 1)                         = 1
read(3, "E", 1)                         = 1
read(3, "\30", 1)                       = 1
read(3, "test_root/aBza1WzTsT.O2z", 24) = 24
mmap(NULL, 47508, PROT_READ, MAP_PRIVATE, 5, 0) = 0x7ff23fc9b000
read(3, "\36", 1)                       = 1
read(3, "R", 1)                         = 1
read(3, "E", 1)                         = 1
read(3, "A", 1)                         = 1
read(3, "D", 1)                         = 1
read(3, "_", 1)                         = 1
read(3, "F", 1)                         = 1
read(3, "R", 1)                         = 1
read(3, "O", 1)                         = 1
read(3, "M", 1)                         = 1
read(3, "_", 1)                         = 1
read(3, "L", 1)                         = 1
read(3, "O", 1)                         = 1
read(3, "G", 1)                         = 1
read(3, "I", 1)                         = 1
read(3, "C", 1)                         = 1
read(3, "A", 1)                         = 1
read(3, "L", 1)                         = 1
read(3, "_", 1)                         = 1
read(3, "S", 1)                         = 1
read(3, "P", 1)                         = 1
read(3, "A", 1)                         = 1
read(3, "C", 1)                         = 1
read(3, "E", 1)                         = 1
read(3, "_", 1)                         = 1
read(3, "O", 1)                         = 1
read(3, "F", 1)                         = 1
read(3, "F", 1)                         = 1
read(3, "S", 1)                         = 1
read(3, "E", 1)                         = 1
read(3, "T", 1)                         = 1
+++ exited with 0 +++
